c:\users\seongyeop jeong\documents\visual studio 2015\projects\ass3cst8219\ass3cst8219\debug\vc140.pdb
c:\users\seongyeop jeong\documents\visual studio 2015\projects\ass3cst8219\ass3cst8219\debug\vc140.idb
c:\users\seongyeop jeong\documents\visual studio 2015\projects\ass3cst8219\ass3cst8219\debug\ass3.nativecodeanalysis.xml
c:\users\seongyeop jeong\documents\visual studio 2015\projects\ass3cst8219\ass3cst8219\debug\graphicelement.nativecodeanalysis.xml
c:\users\seongyeop jeong\documents\visual studio 2015\projects\ass3cst8219\ass3cst8219\debug\image.nativecodeanalysis.xml
c:\users\seongyeop jeong\documents\visual studio 2015\projects\ass3cst8219\ass3cst8219\debug\rastergraphic.nativecodeanalysis.xml
c:\users\seongyeop jeong\documents\visual studio 2015\projects\ass3cst8219\ass3cst8219\debug\rastergraphic.obj
c:\users\seongyeop jeong\documents\visual studio 2015\projects\ass3cst8219\ass3cst8219\debug\image.obj
c:\users\seongyeop jeong\documents\visual studio 2015\projects\ass3cst8219\ass3cst8219\debug\graphicelement.obj
c:\users\seongyeop jeong\documents\visual studio 2015\projects\ass3cst8219\ass3cst8219\debug\ass3.obj
c:\users\seongyeop jeong\documents\visual studio 2015\projects\ass3cst8219\debug\ass3cst8219.ilk
c:\users\seongyeop jeong\documents\visual studio 2015\projects\ass3cst8219\debug\ass3cst8219.exe
c:\users\seongyeop jeong\documents\visual studio 2015\projects\ass3cst8219\debug\ass3cst8219.pdb
c:\users\seongyeop jeong\documents\visual studio 2015\projects\ass3cst8219\ass3cst8219\debug\nativecodeanalysis.read.1.tlog
c:\users\seongyeop jeong\documents\visual studio 2015\projects\ass3cst8219\ass3cst8219\debug\vc.nativecodeanalysis.all.xml
c:\users\seongyeop jeong\documents\visual studio 2015\projects\ass3cst8219\debug\ass3cst8219.exe.lastcodeanalysissucceeded
c:\users\seongyeop jeong\documents\visual studio 2015\projects\ass3cst8219\ass3cst8219\debug\ass3cst8219.tlog\cl.command.1.tlog
c:\users\seongyeop jeong\documents\visual studio 2015\projects\ass3cst8219\ass3cst8219\debug\ass3cst8219.tlog\cl.read.1.tlog
c:\users\seongyeop jeong\documents\visual studio 2015\projects\ass3cst8219\ass3cst8219\debug\ass3cst8219.tlog\cl.write.1.tlog
c:\users\seongyeop jeong\documents\visual studio 2015\projects\ass3cst8219\ass3cst8219\debug\ass3cst8219.tlog\link.command.1.tlog
c:\users\seongyeop jeong\documents\visual studio 2015\projects\ass3cst8219\ass3cst8219\debug\ass3cst8219.tlog\link.read.1.tlog
c:\users\seongyeop jeong\documents\visual studio 2015\projects\ass3cst8219\ass3cst8219\debug\ass3cst8219.tlog\link.write.1.tlog
